<?xml version="1.0" encoding="UTF-8"?>
<testsuite name="org.pact.demo.ClientPactSpec" tests="2" skipped="0" failures="0" errors="0" timestamp="2020-01-15T11:02:29" hostname="in-rajieshn.local" time="1.658">
  <properties/>
  <testcase name="Pact with our provider" classname="org.pact.demo.ClientPactSpec" time="1.522"/>
  <testcase name="when there is no data" classname="org.pact.demo.ClientPactSpec" time="0.136"/>
  <system-out><![CDATA[16:32:30.353 [HTTP-Dispatcher] DEBUG au.com.dius.pact.consumer.BaseMockServer - Received request: 	method: GET
	path: /go/api/dashboard
	query: [:]
	headers: [Accept-encoding:gzip, Accept:application/vnd.go.cd+json, Connection:Keep-Alive, Host:localhost:8153, User-agent:unirest-java/1.3.11]
	matchers: MatchingRules(rules={})
	generators: Generators(categories={})
	body: OptionalBody(state=EMPTY, value=)
16:32:30.478 [HTTP-Dispatcher] DEBUG au.com.dius.pact.model.RequestMatching$ - comparing to expected request: 
	method: get
	path: /go/api/dashboard
	query: [:]
	headers: [:]
	matchers: MatchingRules(rules={})
	generators: Generators(categories={})
	body: OptionalBody(state=MISSING, value=null)
16:32:30.698 [HTTP-Dispatcher] DEBUG au.com.dius.pact.model.Matching$ - Found a matcher for text/plain -> au.com.dius.pact.matchers.PlainTextBodyMatcher@1d485871
16:32:30.708 [HTTP-Dispatcher] DEBUG au.com.dius.pact.model.RequestMatching$ - Request mismatch: List()
16:32:30.727 [HTTP-Dispatcher] DEBUG au.com.dius.pact.consumer.BaseMockServer - Generating response: 	status: 200
	headers: [Content-Type:application/json]
	matchers: MatchingRules(rules={body=Category(name=body, matchingRules={})})
	generators: Generators(categories={})
	body: OptionalBody(state=PRESENT, value={"count":"100"})
data=Optional[{"count":"100"}]
16:32:30.847 [Test worker] DEBUG au.com.dius.pact.consumer.BaseMockServer - Writing pact Our Consumer -> Our Provider to file /Users/rajieshn/workspace/pact-demo/consumer-service/build/pacts/Our Consumer-Our Provider.json
16:32:30.950 [HTTP-Dispatcher] DEBUG au.com.dius.pact.consumer.BaseMockServer - Received request: 	method: GET
	path: /go/api/dashboard
	query: [:]
	headers: [Accept-encoding:gzip, Accept:application/vnd.go.cd+json, Connection:Keep-Alive, Host:localhost:8153, User-agent:unirest-java/1.3.11]
	matchers: MatchingRules(rules={})
	generators: Generators(categories={})
	body: OptionalBody(state=EMPTY, value=)
16:32:30.951 [HTTP-Dispatcher] DEBUG au.com.dius.pact.model.RequestMatching$ - comparing to expected request: 
	method: get
	path: /go/api/dashboard
	query: [:]
	headers: [:]
	matchers: MatchingRules(rules={})
	generators: Generators(categories={})
	body: OptionalBody(state=MISSING, value=null)
16:32:30.952 [HTTP-Dispatcher] DEBUG au.com.dius.pact.model.Matching$ - Found a matcher for text/plain -> au.com.dius.pact.matchers.PlainTextBodyMatcher@7ffbef10
16:32:30.952 [HTTP-Dispatcher] DEBUG au.com.dius.pact.model.RequestMatching$ - Request mismatch: List()
16:32:30.953 [HTTP-Dispatcher] DEBUG au.com.dius.pact.consumer.BaseMockServer - Generating response: 	status: 404
	headers: [:]
	matchers: MatchingRules(rules={})
	generators: Generators(categories={})
	body: OptionalBody(state=MISSING, value=null)
data=Optional.empty
16:32:31.057 [Test worker] DEBUG au.com.dius.pact.consumer.BaseMockServer - Writing pact Our Consumer -> Our Provider to file /Users/rajieshn/workspace/pact-demo/consumer-service/build/pacts/Our Consumer-Our Provider.json
]]></system-out>
  <system-err><![CDATA[Jan 15, 2020 4:32:30 PM org.apache.http.impl.execchain.RetryExec execute
INFO: I/O exception (org.apache.http.NoHttpResponseException) caught when processing request to {}->http://localhost:8153: The target server failed to respond
Jan 15, 2020 4:32:30 PM org.apache.http.impl.execchain.RetryExec execute
INFO: Retrying request to {}->http://localhost:8153
]]></system-err>
</testsuite>
